<?xml version="1.0" encoding="UTF-8"?><testrun name="MCRMultiThreadedTest" project="mcr-test-concurrent-linkedHashMap" tests="2" started="2" failures="0" errors="2" ignored="0">
  <testsuite name="com.googlecode.concurrentlinkedhashmap.MCRMultiThreadedTest" time="0.0">
    <testcase name="concurrency" classname="com.googlecode.concurrentlinkedhashmap.MCRMultiThreadedTest" time="0.0">
      <error>java.lang.Error: Unresolved compilation problems: 
	The import org.hamcrest.Matchers cannot be resolved
	The method is(valid()) is undefined for the type MCRMultiThreadedTest

	at com.googlecode.concurrentlinkedhashmap.MCRMultiThreadedTest.&lt;init&gt;(MCRMultiThreadedTest.java:57)
	at sun.reflect.NativeConstructorAccessorImpl.newInstance0(Native Method)
	at sun.reflect.NativeConstructorAccessorImpl.newInstance(NativeConstructorAccessorImpl.java:62)
	at sun.reflect.DelegatingConstructorAccessorImpl.newInstance(DelegatingConstructorAccessorImpl.java:45)
	at java.lang.reflect.Constructor.newInstance(Constructor.java:423)
	at org.junit.runners.BlockJUnit4ClassRunner.createTest(BlockJUnit4ClassRunner.java:202)
	at org.junit.runners.BlockJUnit4ClassRunner$1.runReflectiveCall(BlockJUnit4ClassRunner.java:251)
	at org.junit.internal.runners.model.ReflectiveCallable.run(ReflectiveCallable.java:15)
	at org.junit.runners.BlockJUnit4ClassRunner.methodBlock(BlockJUnit4ClassRunner.java:248)
	at org.junit.runners.BlockJUnit4ClassRunner.runChild(BlockJUnit4ClassRunner.java:76)
	at edu.tamu.aser.exploration.JUnit4MCRRunner.access$2(JUnit4MCRRunner.java:1)
	at edu.tamu.aser.exploration.JUnit4MCRRunner$1.run(JUnit4MCRRunner.java:76)

</error>
    </testcase>
    <testcase name="weightedConcurrency" classname="com.googlecode.concurrentlinkedhashmap.MCRMultiThreadedTest" time="0.0">
      <error>java.lang.Error: Unresolved compilation problems: 
	The import org.hamcrest.Matchers cannot be resolved
	The method is(valid()) is undefined for the type MCRMultiThreadedTest

	at com.googlecode.concurrentlinkedhashmap.MCRMultiThreadedTest.&lt;init&gt;(MCRMultiThreadedTest.java:57)
	at sun.reflect.NativeConstructorAccessorImpl.newInstance0(Native Method)
	at sun.reflect.NativeConstructorAccessorImpl.newInstance(NativeConstructorAccessorImpl.java:62)
	at sun.reflect.DelegatingConstructorAccessorImpl.newInstance(DelegatingConstructorAccessorImpl.java:45)
	at java.lang.reflect.Constructor.newInstance(Constructor.java:423)
	at org.junit.runners.BlockJUnit4ClassRunner.createTest(BlockJUnit4ClassRunner.java:202)
	at org.junit.runners.BlockJUnit4ClassRunner$1.runReflectiveCall(BlockJUnit4ClassRunner.java:251)
	at org.junit.internal.runners.model.ReflectiveCallable.run(ReflectiveCallable.java:15)
	at org.junit.runners.BlockJUnit4ClassRunner.methodBlock(BlockJUnit4ClassRunner.java:248)
	at org.junit.runners.BlockJUnit4ClassRunner.runChild(BlockJUnit4ClassRunner.java:76)
	at edu.tamu.aser.exploration.JUnit4MCRRunner.access$2(JUnit4MCRRunner.java:1)
	at edu.tamu.aser.exploration.JUnit4MCRRunner$1.run(JUnit4MCRRunner.java:76)

</error>
    </testcase>
  </testsuite>
</testrun>
