<?xml version="1.0" encoding="UTF-8"?><testrun name="LinkedBlockingDequeTest" project="JavaConcurrencyTest" tests="1" started="1" failures="1" errors="0" ignored="0">
  <testsuite name="concurrent.linkedblockingdeque.tests.LinkedBlockingDequeTest" time="332.093">
    <testcase name="test" classname="concurrent.linkedblockingdeque.tests.LinkedBlockingDequeTest" time="332.093">
      <failure>java.lang.AssertionError
	at org.junit.Assert.fail(Assert.java:86)
	at org.junit.Assert.fail(Assert.java:95)
	at concurrent.linkedblockingdeque.tests.LinkedBlockingDequeTest.test(LinkedBlockingDequeTest.java:40)
	at sun.reflect.NativeMethodAccessorImpl.invoke0(Native Method)
	at sun.reflect.NativeMethodAccessorImpl.invoke(NativeMethodAccessorImpl.java:62)
	at sun.reflect.DelegatingMethodAccessorImpl.invoke(DelegatingMethodAccessorImpl.java:43)
	at java.lang.reflect.Method.invoke(Method.java:498)
	at org.junit.runners.model.FrameworkMethod$1.runReflectiveCall(FrameworkMethod.java:50)
	at org.junit.internal.runners.model.ReflectiveCallable.run(ReflectiveCallable.java:12)
	at org.junit.runners.model.FrameworkMethod.invokeExplosively(FrameworkMethod.java:47)
	at org.junit.internal.runners.statements.InvokeMethod.evaluate(InvokeMethod.java:17)
	at org.junit.runners.ParentRunner.runLeaf(ParentRunner.java:325)
	at org.junit.runners.BlockJUnit4ClassRunner.runChild(BlockJUnit4ClassRunner.java:78)
	at edu.tamu.aser.exploration.JUnit4MCRRunner.access$2(JUnit4MCRRunner.java:1)
	at edu.tamu.aser.exploration.JUnit4MCRRunner$1.run(JUnit4MCRRunner.java:75)

</failure>
    </testcase>
  </testsuite>
</testrun>
